# JRE version: OpenJDK Runtime Environment (8.0_152-b06) (build 1.8.0_152-release-1136-b06)
# Java VM: OpenJDK 64-Bit Server VM (25.152-b06 mixed mode windows-amd64 compressed oops)
Heap:
 PSYoungGen      total 239616K, used 122450K [0x00000000d5580000, 0x00000000e5280000, 0x0000000100000000)
  eden space 220160K, 48% used [0x00000000d5580000,0x00000000dbd215e0,0x00000000e2c80000)
  from space 19456K, 83% used [0x00000000e2c80000,0x00000000e3c73300,0x00000000e3f80000)
  to   space 16384K, 0% used [0x00000000e4280000,0x00000000e4280000,0x00000000e5280000)
 ParOldGen       total 158720K, used 89922K [0x0000000080000000, 0x0000000089b00000, 0x00000000d5580000)
  object space 158720K, 56% used [0x0000000080000000,0x00000000857d08c0,0x0000000089b00000)
 Metaspace       used 80007K, capacity 83398K, committed 83608K, reserved 1122304K
  class space    used 10440K, capacity 11104K, committed 11184K, reserved 1048576K
GC Heap History (10 events):
Event: 27.281 GC heap before
{Heap before GC invocations=14 (full 3):
 PSYoungGen      total 210432K, used 190464K [0x00000000d5580000, 0x00000000e3780000, 0x0000000100000000)
  eden space 190464K, 100% used [0x00000000d5580000,0x00000000e0f80000,0x00000000e0f80000)
  from space 19968K, 0% used [0x00000000e2400000,0x00000000e2400000,0x00000000e3780000)
  to   space 20480K, 0% used [0x00000000e0f80000,0x00000000e0f80000,0x00000000e2380000)
 ParOldGen       total 158720K, used 40358K [0x0000000080000000, 0x0000000089b00000, 0x00000000d5580000)
  object space 158720K, 25% used [0x0000000080000000,0x00000000827698e8,0x0000000089b00000)
 Metaspace       used 62258K, capacity 64412K, committed 64664K, reserved 1105920K
  class space    used 8396K, capacity 8873K, committed 8880K, reserved 1048576K
Event: 27.293 GC heap after
Heap after GC invocations=14 (full 3):
 PSYoungGen      total 210944K, used 7525K [0x00000000d5580000, 0x00000000e5600000, 0x0000000100000000)
  eden space 190464K, 0% used [0x00000000d5580000,0x00000000d5580000,0x00000000e0f80000)
  from space 20480K, 36% used [0x00000000e0f80000,0x00000000e16d9590,0x00000000e2380000)
  to   space 19968K, 0% used [0x00000000e4280000,0x00000000e4280000,0x00000000e5600000)
 ParOldGen       total 158720K, used 40366K [0x0000000080000000, 0x0000000089b00000, 0x00000000d5580000)
  object space 158720K, 25% used [0x0000000080000000,0x000000008276b8e8,0x0000000089b00000)
 Metaspace       used 62258K, capacity 64412K, committed 64664K, reserved 1105920K
  class space    used 8396K, capacity 8873K, committed 8880K, reserved 1048576K
}
Event: 32.187 GC heap before
{Heap before GC invocations=15 (full 3):
 PSYoungGen      total 210944K, used 197989K [0x00000000d5580000, 0x00000000e5600000, 0x0000000100000000)
  eden space 190464K, 100% used [0x00000000d5580000,0x00000000e0f80000,0x00000000e0f80000)
  from space 20480K, 36% used [0x00000000e0f80000,0x00000000e16d9590,0x00000000e2380000)
  to   space 19968K, 0% used [0x00000000e4280000,0x00000000e4280000,0x00000000e5600000)
 ParOldGen       total 158720K, used 40366K [0x0000000080000000, 0x0000000089b00000, 0x00000000d5580000)
  object space 158720K, 25% used [0x0000000080000000,0x000000008276b8e8,0x0000000089b00000)
 Metaspace       used 68843K, capacity 71738K, committed 71832K, reserved 1112064K
  class space    used 9217K, capacity 9832K, committed 9904K, reserved 1048576K
Event: 32.213 GC heap after
Heap after GC invocations=15 (full 3):
 PSYoungGen      total 236544K, used 7475K [0x00000000d5580000, 0x00000000e5280000, 0x0000000100000000)
  eden space 220160K, 0% used [0x00000000d5580000,0x00000000d5580000,0x00000000e2c80000)
  from space 16384K, 45% used [0x00000000e4280000,0x00000000e49ccdc0,0x00000000e5280000)
  to   space 19456K, 0% used [0x00000000e2c80000,0x00000000e2c80000,0x00000000e3f80000)
 ParOldGen       total 158720K, used 40374K [0x0000000080000000, 0x0000000089b00000, 0x00000000d5580000)
  object space 158720K, 25% used [0x0000000080000000,0x000000008276d8e8,0x0000000089b00000)
 Metaspace       used 68843K, capacity 71738K, committed 71832K, reserved 1112064K
  class space    used 9217K, capacity 9832K, committed 9904K, reserved 1048576K
}
Event: 36.011 GC heap before
{Heap before GC invocations=16 (full 3):
 PSYoungGen      total 236544K, used 227635K [0x00000000d5580000, 0x00000000e5280000, 0x0000000100000000)
  eden space 220160K, 100% used [0x00000000d5580000,0x00000000e2c80000,0x00000000e2c80000)
  from space 16384K, 45% used [0x00000000e4280000,0x00000000e49ccdc0,0x00000000e5280000)
  to   space 19456K, 0% used [0x00000000e2c80000,0x00000000e2c80000,0x00000000e3f80000)
 ParOldGen       total 158720K, used 40374K [0x0000000080000000, 0x0000000089b00000, 0x00000000d5580000)
  object space 158720K, 25% used [0x0000000080000000,0x000000008276d8e8,0x0000000089b00000)
 Metaspace       used 69843K, capacity 72832K, committed 72984K, reserved 1112064K
  class space    used 9303K, capacity 9919K, committed 10032K, reserved 1048576K
Event: 36.162 GC heap after
Heap after GC invocations=16 (full 3):
 PSYoungGen      total 239616K, used 19442K [0x00000000d5580000, 0x00000000e5280000, 0x0000000100000000)
  eden space 220160K, 0% used [0x00000000d5580000,0x00000000d5580000,0x00000000e2c80000)
  from space 19456K, 99% used [0x00000000e2c80000,0x00000000e3f7cb90,0x00000000e3f80000)
  to   space 16384K, 0% used [0x00000000e4280000,0x00000000e4280000,0x00000000e5280000)
 ParOldGen       total 158720K, used 76845K [0x0000000080000000, 0x0000000089b00000, 0x00000000d5580000)
  object space 158720K, 48% used [0x0000000080000000,0x0000000084b0b7f0,0x0000000089b00000)
 Metaspace       used 69843K, capacity 72832K, committed 72984K, reserved 1112064K
  class space    used 9303K, capacity 9919K, committed 10032K, reserved 1048576K
}
Event: 37.939 GC heap before
{Heap before GC invocations=17 (full 3):
 PSYoungGen      total 239616K, used 238607K [0x00000000d5580000, 0x00000000e5280000, 0x0000000100000000)
  eden space 220160K, 99% used [0x00000000d5580000,0x00000000e2b873c8,0x00000000e2c80000)
  from space 19456K, 99% used [0x00000000e2c80000,0x00000000e3f7cb90,0x00000000e3f80000)
  to   space 16384K, 0% used [0x00000000e4280000,0x00000000e4280000,0x00000000e5280000)
 ParOldGen       total 158720K, used 76845K [0x0000000080000000, 0x0000000089b00000, 0x00000000d5580000)
  object space 158720K, 48% used [0x0000000080000000,0x0000000084b0b7f0,0x0000000089b00000)
 Metaspace       used 70905K, capacity 73946K, committed 74136K, reserved 1114112K
  class space    used 9426K, capacity 10060K, committed 10160K, reserved 1048576K
Event: 37.997 GC heap after
Heap after GC invocations=17 (full 3):
 PSYoungGen      total 236544K, used 16374K [0x00000000d5580000, 0x00000000e5280000, 0x0000000100000000)
  eden space 220160K, 0% used [0x00000000d5580000,0x00000000d5580000,0x00000000e2c80000)
  from space 16384K, 99% used [0x00000000e4280000,0x00000000e527dac0,0x00000000e5280000)
  to   space 19456K, 0% used [0x00000000e2c80000,0x00000000e2c80000,0x00000000e3f80000)
 ParOldGen       total 158720K, used 87405K [0x0000000080000000, 0x0000000089b00000, 0x00000000d5580000)
  object space 158720K, 55% used [0x0000000080000000,0x000000008555b7e0,0x0000000089b00000)
 Metaspace       used 70905K, capacity 73946K, committed 74136K, reserved 1114112K
  class space    used 9426K, capacity 10060K, committed 10160K, reserved 1048576K
}
Event: 38.798 GC heap before
{Heap before GC invocations=18 (full 3):
 PSYoungGen      total 236544K, used 236534K [0x00000000d5580000, 0x00000000e5280000, 0x0000000100000000)
  eden space 220160K, 100% used [0x00000000d5580000,0x00000000e2c80000,0x00000000e2c80000)
  from space 16384K, 99% used [0x00000000e4280000,0x00000000e527dac0,0x00000000e5280000)
  to   space 19456K, 0% used [0x00000000e2c80000,0x00000000e2c80000,0x00000000e3f80000)
 ParOldGen       total 158720K, used 87405K [0x0000000080000000, 0x0000000089b00000, 0x00000000d5580000)
  object space 158720K, 55% used [0x0000000080000000,0x000000008555b7e0,0x0000000089b00000)
 Metaspace       used 73296K, capacity 76516K, committed 76696K, reserved 1116160K
  class space    used 9705K, capacity 10361K, committed 10416K, reserved 1048576K
Event: 38.849 GC heap after
Heap after GC invocations=18 (full 3):
 PSYoungGen      total 239616K, used 16332K [0x00000000d5580000, 0x00000000e5280000, 0x0000000100000000)
  eden space 220160K, 0% used [0x00000000d5580000,0x00000000d5580000,0x00000000e2c80000)
  from space 19456K, 83% used [0x00000000e2c80000,0x00000000e3c73300,0x00000000e3f80000)
  to   space 16384K, 0% used [0x00000000e4280000,0x00000000e4280000,0x00000000e5280000)
 ParOldGen       total 158720K, used 89922K [0x0000000080000000, 0x0000000089b00000, 0x00000000d5580000)
  object space 158720K, 56% used [0x0000000080000000,0x00000000857d08c0,0x0000000089b00000)
 Metaspace       used 73296K, capacity 76516K, committed 76696K, reserved 1116160K
  class space    used 9705K, capacity 10361K, committed 10416K, reserved 1048576K
}

