# JRE version: OpenJDK Runtime Environment (8.0_152-b06) (build 1.8.0_152-release-1136-b06)
# Java VM: OpenJDK 64-Bit Server VM (25.152-b06 mixed mode windows-amd64 compressed oops)
Heap:
 PSYoungGen      total 186880K, used 21684K [0x00000000d5580000, 0x00000000e7580000, 0x0000000100000000)
  eden space 153600K, 10% used [0x00000000d5580000,0x00000000d64f9038,0x00000000deb80000)
  from space 33280K, 17% used [0x00000000deb80000,0x00000000df1340a8,0x00000000e0c00000)
  to   space 52736K, 0% used [0x00000000e4200000,0x00000000e4200000,0x00000000e7580000)
 ParOldGen       total 193024K, used 150657K [0x0000000080000000, 0x000000008bc80000, 0x00000000d5580000)
  object space 193024K, 78% used [0x0000000080000000,0x0000000089320588,0x000000008bc80000)
 Metaspace       used 68933K, capacity 71580K, committed 71704K, reserved 1112064K
  class space    used 9135K, capacity 9683K, committed 9776K, reserved 1048576K
GC Heap History (10 events):
Event: 29.195 GC heap before
{Heap before GC invocations=16 (full 3):
 PSYoungGen      total 195584K, used 193637K [0x00000000d5580000, 0x00000000e6000000, 0x0000000100000000)
  eden space 153600K, 98% used [0x00000000d5580000,0x00000000de99f258,0x00000000deb80000)
  from space 41984K, 99% used [0x00000000e3700000,0x00000000e5ffa2c8,0x00000000e6000000)
  to   space 33280K, 0% used [0x00000000deb80000,0x00000000deb80000,0x00000000e0c00000)
 ParOldGen       total 193024K, used 100641K [0x0000000080000000, 0x000000008bc80000, 0x00000000d5580000)
  object space 193024K, 52% used [0x0000000080000000,0x00000000862484b8,0x000000008bc80000)
 Metaspace       used 62700K, capacity 64822K, committed 65048K, reserved 1105920K
  class space    used 8479K, capacity 8944K, committed 9008K, reserved 1048576K
Event: 29.316 GC heap after
Heap after GC invocations=16 (full 3):
 PSYoungGen      total 186880K, used 22222K [0x00000000d5580000, 0x00000000e6000000, 0x0000000100000000)
  eden space 153600K, 0% used [0x00000000d5580000,0x00000000d5580000,0x00000000deb80000)
  from space 33280K, 66% used [0x00000000deb80000,0x00000000e0133900,0x00000000e0c00000)
  to   space 41984K, 0% used [0x00000000e3700000,0x00000000e3700000,0x00000000e6000000)
 ParOldGen       total 193024K, used 142557K [0x0000000080000000, 0x000000008bc80000, 0x00000000d5580000)
  object space 193024K, 73% used [0x0000000080000000,0x0000000088b37740,0x000000008bc80000)
 Metaspace       used 62700K, capacity 64822K, committed 65048K, reserved 1105920K
  class space    used 8479K, capacity 8944K, committed 9008K, reserved 1048576K
}
Event: 29.725 GC heap before
{Heap before GC invocations=17 (full 3):
 PSYoungGen      total 186880K, used 175316K [0x00000000d5580000, 0x00000000e6000000, 0x0000000100000000)
  eden space 153600K, 99% used [0x00000000d5580000,0x00000000deb01758,0x00000000deb80000)
  from space 33280K, 66% used [0x00000000deb80000,0x00000000e0133900,0x00000000e0c00000)
  to   space 41984K, 0% used [0x00000000e3700000,0x00000000e3700000,0x00000000e6000000)
 ParOldGen       total 193024K, used 142557K [0x0000000080000000, 0x000000008bc80000, 0x00000000d5580000)
  object space 193024K, 73% used [0x0000000080000000,0x0000000088b37740,0x000000008bc80000)
 Metaspace       used 62982K, capacity 65076K, committed 65304K, reserved 1105920K
  class space    used 8515K, capacity 8957K, committed 9008K, reserved 1048576K
Event: 29.738 GC heap after
Heap after GC invocations=17 (full 3):
 PSYoungGen      total 195584K, used 1379K [0x00000000d5580000, 0x00000000e6000000, 0x0000000100000000)
  eden space 153600K, 0% used [0x00000000d5580000,0x00000000d5580000,0x00000000deb80000)
  from space 41984K, 3% used [0x00000000e3700000,0x00000000e3858f68,0x00000000e6000000)
  to   space 33280K, 0% used [0x00000000deb80000,0x00000000deb80000,0x00000000e0c00000)
 ParOldGen       total 193024K, used 149706K [0x0000000080000000, 0x000000008bc80000, 0x00000000d5580000)
  object space 193024K, 77% used [0x0000000080000000,0x0000000089232bb8,0x000000008bc80000)
 Metaspace       used 62982K, capacity 65076K, committed 65304K, reserved 1105920K
  class space    used 8515K, capacity 8957K, committed 9008K, reserved 1048576K
}
Event: 29.785 GC heap before
{Heap before GC invocations=18 (full 3):
 PSYoungGen      total 195584K, used 154441K [0x00000000d5580000, 0x00000000e6000000, 0x0000000100000000)
  eden space 153600K, 99% used [0x00000000d5580000,0x00000000deaf95a8,0x00000000deb80000)
  from space 41984K, 3% used [0x00000000e3700000,0x00000000e3858f68,0x00000000e6000000)
  to   space 33280K, 0% used [0x00000000deb80000,0x00000000deb80000,0x00000000e0c00000)
 ParOldGen       total 193024K, used 149706K [0x0000000080000000, 0x000000008bc80000, 0x00000000d5580000)
  object space 193024K, 77% used [0x0000000080000000,0x0000000089232bb8,0x000000008bc80000)
 Metaspace       used 62994K, capacity 65076K, committed 65304K, reserved 1105920K
  class space    used 8515K, capacity 8957K, committed 9008K, reserved 1048576K
Event: 29.790 GC heap after
Heap after GC invocations=18 (full 3):
 PSYoungGen      total 186880K, used 96K [0x00000000d5580000, 0x00000000e6000000, 0x0000000100000000)
  eden space 153600K, 0% used [0x00000000d5580000,0x00000000d5580000,0x00000000deb80000)
  from space 33280K, 0% used [0x00000000deb80000,0x00000000deb98000,0x00000000e0c00000)
  to   space 41984K, 0% used [0x00000000e3700000,0x00000000e3700000,0x00000000e6000000)
 ParOldGen       total 193024K, used 150609K [0x0000000080000000, 0x000000008bc80000, 0x00000000d5580000)
  object space 193024K, 78% used [0x0000000080000000,0x0000000089314588,0x000000008bc80000)
 Metaspace       used 62994K, capacity 65076K, committed 65304K, reserved 1105920K
  class space    used 8515K, capacity 8957K, committed 9008K, reserved 1048576K
}
Event: 29.859 GC heap before
{Heap before GC invocations=19 (full 3):
 PSYoungGen      total 186880K, used 153693K [0x00000000d5580000, 0x00000000e6000000, 0x0000000100000000)
  eden space 153600K, 99% used [0x00000000d5580000,0x00000000deb7f418,0x00000000deb80000)
  from space 33280K, 0% used [0x00000000deb80000,0x00000000deb98000,0x00000000e0c00000)
  to   space 41984K, 0% used [0x00000000e3700000,0x00000000e3700000,0x00000000e6000000)
 ParOldGen       total 193024K, used 150609K [0x0000000080000000, 0x000000008bc80000, 0x00000000d5580000)
  object space 193024K, 78% used [0x0000000080000000,0x0000000089314588,0x000000008bc80000)
 Metaspace       used 62998K, capacity 65076K, committed 65304K, reserved 1105920K
  class space    used 8515K, capacity 8957K, committed 9008K, reserved 1048576K
Event: 29.864 GC heap after
Heap after GC invocations=19 (full 3):
 PSYoungGen      total 195584K, used 64K [0x00000000d5580000, 0x00000000e6000000, 0x0000000100000000)
  eden space 153600K, 0% used [0x00000000d5580000,0x00000000d5580000,0x00000000deb80000)
  from space 41984K, 0% used [0x00000000e3700000,0x00000000e3710000,0x00000000e6000000)
  to   space 33280K, 0% used [0x00000000deb80000,0x00000000deb80000,0x00000000e0c00000)
 ParOldGen       total 193024K, used 150633K [0x0000000080000000, 0x000000008bc80000, 0x00000000d5580000)
  object space 193024K, 78% used [0x0000000080000000,0x000000008931a588,0x000000008bc80000)
 Metaspace       used 62998K, capacity 65076K, committed 65304K, reserved 1105920K
  class space    used 8515K, capacity 8957K, committed 9008K, reserved 1048576K
}
Event: 137.188 GC heap before
{Heap before GC invocations=20 (full 3):
 PSYoungGen      total 195584K, used 153664K [0x00000000d5580000, 0x00000000e6000000, 0x0000000100000000)
  eden space 153600K, 100% used [0x00000000d5580000,0x00000000deb80000,0x00000000deb80000)
  from space 41984K, 0% used [0x00000000e3700000,0x00000000e3710000,0x00000000e6000000)
  to   space 33280K, 0% used [0x00000000deb80000,0x00000000deb80000,0x00000000e0c00000)
 ParOldGen       total 193024K, used 150633K [0x0000000080000000, 0x000000008bc80000, 0x00000000d5580000)
  object space 193024K, 78% used [0x0000000080000000,0x000000008931a588,0x000000008bc80000)
 Metaspace       used 68750K, capacity 71284K, committed 71448K, reserved 1112064K
  class space    used 9132K, capacity 9677K, committed 9776K, reserved 1048576K
Event: 137.204 GC heap after
Heap after GC invocations=20 (full 3):
 PSYoungGen      total 186880K, used 5840K [0x00000000d5580000, 0x00000000e7580000, 0x0000000100000000)
  eden space 153600K, 0% used [0x00000000d5580000,0x00000000d5580000,0x00000000deb80000)
  from space 33280K, 17% used [0x00000000deb80000,0x00000000df1340a8,0x00000000e0c00000)
  to   space 52736K, 0% used [0x00000000e4200000,0x00000000e4200000,0x00000000e7580000)
 ParOldGen       total 193024K, used 150657K [0x0000000080000000, 0x000000008bc80000, 0x00000000d5580000)
  object space 193024K, 78% used [0x0000000080000000,0x0000000089320588,0x000000008bc80000)
 Metaspace       used 68750K, capacity 71284K, committed 71448K, reserved 1112064K
  class space    used 9132K, capacity 9677K, committed 9776K, reserved 1048576K
}

