# JRE version: OpenJDK Runtime Environment (8.0_152-b06) (build 1.8.0_152-release-1136-b06)
# Java VM: OpenJDK 64-Bit Server VM (25.152-b06 mixed mode windows-amd64 compressed oops)
Heap:
 PSYoungGen      total 211456K, used 189379K [0x00000000d5580000, 0x00000000e5b00000, 0x0000000100000000)
  eden space 190976K, 89% used [0x00000000d5580000,0x00000000dfbbed48,0x00000000e1000000)
  from space 20480K, 93% used [0x00000000e1000000,0x00000000e22b1f58,0x00000000e2400000)
  to   space 22528K, 0% used [0x00000000e4500000,0x00000000e4500000,0x00000000e5b00000)
 ParOldGen       total 157184K, used 39825K [0x0000000080000000, 0x0000000089980000, 0x00000000d5580000)
  object space 157184K, 25% used [0x0000000080000000,0x00000000826e44f0,0x0000000089980000)
 Metaspace       used 73761K, capacity 76182K, committed 76312K, reserved 1116160K
  class space    used 9717K, capacity 10254K, committed 10288K, reserved 1048576K
GC Heap History (10 events):
Event: 14.452 GC heap before
{Heap before GC invocations=10 (full 2):
 PSYoungGen      total 140800K, used 131072K [0x00000000d5580000, 0x00000000e0a80000, 0x0000000100000000)
  eden space 131072K, 100% used [0x00000000d5580000,0x00000000dd580000,0x00000000dd580000)
  from space 9728K, 0% used [0x00000000dd580000,0x00000000dd580000,0x00000000ddf00000)
  to   space 12800K, 0% used [0x00000000dfe00000,0x00000000dfe00000,0x00000000e0a80000)
 ParOldGen       total 100352K, used 19105K [0x0000000080000000, 0x0000000086200000, 0x00000000d5580000)
  object space 100352K, 19% used [0x0000000080000000,0x00000000812a8770,0x0000000086200000)
 Metaspace       used 43324K, capacity 44094K, committed 44328K, reserved 1087488K
  class space    used 5873K, capacity 6130K, committed 6192K, reserved 1048576K
Event: 14.485 GC heap after
Heap after GC invocations=10 (full 2):
 PSYoungGen      total 169984K, used 12774K [0x00000000d5580000, 0x00000000e2280000, 0x0000000100000000)
  eden space 157184K, 0% used [0x00000000d5580000,0x00000000d5580000,0x00000000def00000)
  from space 12800K, 99% used [0x00000000dfe00000,0x00000000e0a79a30,0x00000000e0a80000)
  to   space 15360K, 0% used [0x00000000def00000,0x00000000def00000,0x00000000dfe00000)
 ParOldGen       total 100352K, used 21885K [0x0000000080000000, 0x0000000086200000, 0x00000000d5580000)
  object space 100352K, 21% used [0x0000000080000000,0x000000008155f540,0x0000000086200000)
 Metaspace       used 43324K, capacity 44094K, committed 44328K, reserved 1087488K
  class space    used 5873K, capacity 6130K, committed 6192K, reserved 1048576K
}
Event: 21.570 GC heap before
{Heap before GC invocations=11 (full 2):
 PSYoungGen      total 169984K, used 169958K [0x00000000d5580000, 0x00000000e2280000, 0x0000000100000000)
  eden space 157184K, 100% used [0x00000000d5580000,0x00000000def00000,0x00000000def00000)
  from space 12800K, 99% used [0x00000000dfe00000,0x00000000e0a79a30,0x00000000e0a80000)
  to   space 15360K, 0% used [0x00000000def00000,0x00000000def00000,0x00000000dfe00000)
 ParOldGen       total 100352K, used 21885K [0x0000000080000000, 0x0000000086200000, 0x00000000d5580000)
  object space 100352K, 21% used [0x0000000080000000,0x000000008155f540,0x0000000086200000)
 Metaspace       used 55308K, capacity 56878K, committed 57128K, reserved 1097728K
  class space    used 7525K, capacity 7918K, committed 7984K, reserved 1048576K
Event: 21.630 GC heap after
Heap after GC invocations=11 (full 2):
 PSYoungGen      total 172544K, used 15357K [0x00000000d5580000, 0x00000000e3900000, 0x0000000100000000)
  eden space 157184K, 0% used [0x00000000d5580000,0x00000000d5580000,0x00000000def00000)
  from space 15360K, 99% used [0x00000000def00000,0x00000000dfdff540,0x00000000dfe00000)
  to   space 21504K, 0% used [0x00000000e2400000,0x00000000e2400000,0x00000000e3900000)
 ParOldGen       total 100352K, used 31358K [0x0000000080000000, 0x0000000086200000, 0x00000000d5580000)
  object space 100352K, 31% used [0x0000000080000000,0x0000000081e9f9b8,0x0000000086200000)
 Metaspace       used 55308K, capacity 56878K, committed 57128K, reserved 1097728K
  class space    used 7525K, capacity 7918K, committed 7984K, reserved 1048576K
}
Event: 24.134 GC heap before
{Heap before GC invocations=12 (full 2):
 PSYoungGen      total 172544K, used 79476K [0x00000000d5580000, 0x00000000e3900000, 0x0000000100000000)
  eden space 157184K, 40% used [0x00000000d5580000,0x00000000d941dcf0,0x00000000def00000)
  from space 15360K, 99% used [0x00000000def00000,0x00000000dfdff540,0x00000000dfe00000)
  to   space 21504K, 0% used [0x00000000e2400000,0x00000000e2400000,0x00000000e3900000)
 ParOldGen       total 100352K, used 31358K [0x0000000080000000, 0x0000000086200000, 0x00000000d5580000)
  object space 100352K, 31% used [0x0000000080000000,0x0000000081e9f9b8,0x0000000086200000)
 Metaspace       used 57466K, capacity 59046K, committed 59160K, reserved 1099776K
  class space    used 7773K, capacity 8186K, committed 8240K, reserved 1048576K
Event: 24.171 GC heap after
Heap after GC invocations=12 (full 2):
 PSYoungGen      total 211456K, used 10428K [0x00000000d5580000, 0x00000000e3800000, 0x0000000100000000)
  eden space 190976K, 0% used [0x00000000d5580000,0x00000000d5580000,0x00000000e1000000)
  from space 20480K, 50% used [0x00000000e2400000,0x00000000e2e2f058,0x00000000e3800000)
  to   space 20480K, 0% used [0x00000000e1000000,0x00000000e1000000,0x00000000e2400000)
 ParOldGen       total 100352K, used 39120K [0x0000000080000000, 0x0000000086200000, 0x00000000d5580000)
  object space 100352K, 38% used [0x0000000080000000,0x0000000082634340,0x0000000086200000)
 Metaspace       used 57466K, capacity 59046K, committed 59160K, reserved 1099776K
  class space    used 7773K, capacity 8186K, committed 8240K, reserved 1048576K
}
Event: 24.171 GC heap before
{Heap before GC invocations=13 (full 3):
 PSYoungGen      total 211456K, used 10428K [0x00000000d5580000, 0x00000000e3800000, 0x0000000100000000)
  eden space 190976K, 0% used [0x00000000d5580000,0x00000000d5580000,0x00000000e1000000)
  from space 20480K, 50% used [0x00000000e2400000,0x00000000e2e2f058,0x00000000e3800000)
  to   space 20480K, 0% used [0x00000000e1000000,0x00000000e1000000,0x00000000e2400000)
 ParOldGen       total 100352K, used 39120K [0x0000000080000000, 0x0000000086200000, 0x00000000d5580000)
  object space 100352K, 38% used [0x0000000080000000,0x0000000082634340,0x0000000086200000)
 Metaspace       used 57466K, capacity 59046K, committed 59160K, reserved 1099776K
  class space    used 7773K, capacity 8186K, committed 8240K, reserved 1048576K
Event: 24.614 GC heap after
Heap after GC invocations=13 (full 3):
 PSYoungGen      total 211456K, used 0K [0x00000000d5580000, 0x00000000e3800000, 0x0000000100000000)
  eden space 190976K, 0% used [0x00000000d5580000,0x00000000d5580000,0x00000000e1000000)
  from space 20480K, 0% used [0x00000000e2400000,0x00000000e2400000,0x00000000e3800000)
  to   space 20480K, 0% used [0x00000000e1000000,0x00000000e1000000,0x00000000e2400000)
 ParOldGen       total 157184K, used 39817K [0x0000000080000000, 0x0000000089980000, 0x00000000d5580000)
  object space 157184K, 25% used [0x0000000080000000,0x00000000826e24f0,0x0000000089980000)
 Metaspace       used 57466K, capacity 59046K, committed 59160K, reserved 1099776K
  class space    used 7773K, capacity 8186K, committed 8240K, reserved 1048576K
}
Event: 41.640 GC heap before
{Heap before GC invocations=14 (full 3):
 PSYoungGen      total 211456K, used 190976K [0x00000000d5580000, 0x00000000e3800000, 0x0000000100000000)
  eden space 190976K, 100% used [0x00000000d5580000,0x00000000e1000000,0x00000000e1000000)
  from space 20480K, 0% used [0x00000000e2400000,0x00000000e2400000,0x00000000e3800000)
  to   space 20480K, 0% used [0x00000000e1000000,0x00000000e1000000,0x00000000e2400000)
 ParOldGen       total 157184K, used 39817K [0x0000000080000000, 0x0000000089980000, 0x00000000d5580000)
  object space 157184K, 25% used [0x0000000080000000,0x00000000826e24f0,0x0000000089980000)
 Metaspace       used 71264K, capacity 73430K, committed 73752K, reserved 1114112K
  class space    used 9439K, capacity 9960K, committed 10032K, reserved 1048576K
Event: 41.691 GC heap after
Heap after GC invocations=14 (full 3):
 PSYoungGen      total 211456K, used 19143K [0x00000000d5580000, 0x00000000e5b00000, 0x0000000100000000)
  eden space 190976K, 0% used [0x00000000d5580000,0x00000000d5580000,0x00000000e1000000)
  from space 20480K, 93% used [0x00000000e1000000,0x00000000e22b1f58,0x00000000e2400000)
  to   space 22528K, 0% used [0x00000000e4500000,0x00000000e4500000,0x00000000e5b00000)
 ParOldGen       total 157184K, used 39825K [0x0000000080000000, 0x0000000089980000, 0x00000000d5580000)
  object space 157184K, 25% used [0x0000000080000000,0x00000000826e44f0,0x0000000089980000)
 Metaspace       used 71264K, capacity 73430K, committed 73752K, reserved 1114112K
  class space    used 9439K, capacity 9960K, committed 10032K, reserved 1048576K
}

